c:\facultation\sem2\oop\lab\a456\a4 versiunea doamne ajuta\x64\debug\vc143.pdb
c:\facultation\sem2\oop\lab\a456\a4 versiunea doamne ajuta\x64\debug\vc143.idb
c:\facultation\sem2\oop\lab\a456\a4 versiunea doamne ajuta\x64\debug\ui.obj
c:\facultation\sem2\oop\lab\a456\a4 versiunea doamne ajuta\x64\debug\tutorials.obj
c:\facultation\sem2\oop\lab\a456\a4 versiunea doamne ajuta\x64\debug\tests.obj
c:\facultation\sem2\oop\lab\a456\a4 versiunea doamne ajuta\x64\debug\service.obj
c:\facultation\sem2\oop\lab\a456\a4 versiunea doamne ajuta\x64\debug\repository.obj
c:\facultation\sem2\oop\lab\a456\a4 versiunea doamne ajuta\x64\debug\main.obj
c:\facultation\sem2\oop\lab\a456\a4 versiunea doamne ajuta\x64\debug\dynamicvector.obj
c:\facultation\sem2\oop\lab\a456\a4 versiunea doamne ajuta\x64\debug\a4 versiunea doamne ajuta.pdb
c:\facultation\sem2\oop\lab\a456\a4 versiunea doamne ajuta\x64\debug\a4 versi.555cc02b.tlog\cl.command.1.tlog
c:\facultation\sem2\oop\lab\a456\a4 versiunea doamne ajuta\x64\debug\a4 versi.555cc02b.tlog\cl.read.1.tlog
c:\facultation\sem2\oop\lab\a456\a4 versiunea doamne ajuta\x64\debug\a4 versi.555cc02b.tlog\cl.write.1.tlog
c:\facultation\sem2\oop\lab\a456\a4 versiunea doamne ajuta\x64\debug\a4 versi.555cc02b.tlog\link-cvtres.read.1.tlog
c:\facultation\sem2\oop\lab\a456\a4 versiunea doamne ajuta\x64\debug\a4 versi.555cc02b.tlog\link-cvtres.write.1.tlog
c:\facultation\sem2\oop\lab\a456\a4 versiunea doamne ajuta\x64\debug\a4 versi.555cc02b.tlog\link-rc.read.1.tlog
c:\facultation\sem2\oop\lab\a456\a4 versiunea doamne ajuta\x64\debug\a4 versi.555cc02b.tlog\link-rc.write.1.tlog
c:\facultation\sem2\oop\lab\a456\a4 versiunea doamne ajuta\x64\debug\a4 versi.555cc02b.tlog\link.20736-cvtres.read.1.tlog
c:\facultation\sem2\oop\lab\a456\a4 versiunea doamne ajuta\x64\debug\a4 versi.555cc02b.tlog\link.20736-cvtres.write.1.tlog
c:\facultation\sem2\oop\lab\a456\a4 versiunea doamne ajuta\x64\debug\a4 versi.555cc02b.tlog\link.20736-rc.read.1.tlog
c:\facultation\sem2\oop\lab\a456\a4 versiunea doamne ajuta\x64\debug\a4 versi.555cc02b.tlog\link.20736-rc.write.1.tlog
c:\facultation\sem2\oop\lab\a456\a4 versiunea doamne ajuta\x64\debug\a4 versi.555cc02b.tlog\link.20736.read.1.tlog
c:\facultation\sem2\oop\lab\a456\a4 versiunea doamne ajuta\x64\debug\a4 versi.555cc02b.tlog\link.20736.read.3.tlog
c:\facultation\sem2\oop\lab\a456\a4 versiunea doamne ajuta\x64\debug\a4 versi.555cc02b.tlog\link.20736.write.1.tlog
c:\facultation\sem2\oop\lab\a456\a4 versiunea doamne ajuta\x64\debug\a4 versi.555cc02b.tlog\link.command.1.tlog
c:\facultation\sem2\oop\lab\a456\a4 versiunea doamne ajuta\x64\debug\a4 versi.555cc02b.tlog\link.read.1.tlog
c:\facultation\sem2\oop\lab\a456\a4 versiunea doamne ajuta\x64\debug\a4 versi.555cc02b.tlog\link.read.2.tlog
c:\facultation\sem2\oop\lab\a456\a4 versiunea doamne ajuta\x64\debug\a4 versi.555cc02b.tlog\link.write.1.tlog
